# JRE version: OpenJDK Runtime Environment (8.0_151-b12) (build 1.8.0_151-8u151-b12-0ubuntu0.17.10.2-b12)
# Java VM: OpenJDK 64-Bit Server VM (25.151-b12 mixed mode linux-amd64 compressed oops)
Heap:
 PSYoungGen      total 137728K, used 5971K [0x00000000d7180000, 0x00000000e0480000, 0x0000000100000000)
  eden space 125952K, 0% used [0x00000000d7180000,0x00000000d7180000,0x00000000dec80000)
  from space 11776K, 50% used [0x00000000dec80000,0x00000000df254e00,0x00000000df800000)
  to   space 10752K, 0% used [0x00000000df800000,0x00000000df800000,0x00000000e0280000)
 ParOldGen       total 84992K, used 14857K [0x0000000085400000, 0x000000008a700000, 0x00000000d7180000)
  object space 84992K, 17% used [0x0000000085400000,0x00000000862827c0,0x000000008a700000)
 Metaspace       used 20862K, capacity 21172K, committed 21248K, reserved 1067008K
  class space    used 2655K, capacity 2776K, committed 2816K, reserved 1048576K
GC Heap History (10 events):
Event: 2.005 GC heap after
Heap after GC invocations=2 (full 0):
 PSYoungGen      total 36864K, used 5117K [0x00000000d7180000, 0x00000000db980000, 0x0000000100000000)
  eden space 31744K, 0% used [0x00000000d7180000,0x00000000d7180000,0x00000000d9080000)
  from space 5120K, 99% used [0x00000000d9580000,0x00000000d9a7f730,0x00000000d9a80000)
  to   space 5120K, 0% used [0x00000000d9080000,0x00000000d9080000,0x00000000d9580000)
 ParOldGen       total 84992K, used 3447K [0x0000000085400000, 0x000000008a700000, 0x00000000d7180000)
  object space 84992K, 4% used [0x0000000085400000,0x000000008575de68,0x000000008a700000)
 Metaspace       used 14284K, capacity 14454K, committed 14720K, reserved 1062912K
  class space    used 1773K, capacity 1831K, committed 1920K, reserved 1048576K
}
Event: 2.567 GC heap before
{Heap before GC invocations=3 (full 0):
 PSYoungGen      total 36864K, used 36861K [0x00000000d7180000, 0x00000000db980000, 0x0000000100000000)
  eden space 31744K, 100% used [0x00000000d7180000,0x00000000d9080000,0x00000000d9080000)
  from space 5120K, 99% used [0x00000000d9580000,0x00000000d9a7f730,0x00000000d9a80000)
  to   space 5120K, 0% used [0x00000000d9080000,0x00000000d9080000,0x00000000d9580000)
 ParOldGen       total 84992K, used 3447K [0x0000000085400000, 0x000000008a700000, 0x00000000d7180000)
  object space 84992K, 4% used [0x0000000085400000,0x000000008575de68,0x000000008a700000)
 Metaspace       used 17383K, capacity 17600K, committed 17920K, reserved 1064960K
  class space    used 2142K, capacity 2238K, committed 2304K, reserved 1048576K
Event: 2.582 GC heap after
Heap after GC invocations=3 (full 0):
 PSYoungGen      total 36864K, used 5120K [0x00000000d7180000, 0x00000000db980000, 0x0000000100000000)
  eden space 31744K, 0% used [0x00000000d7180000,0x00000000d7180000,0x00000000d9080000)
  from space 5120K, 100% used [0x00000000d9080000,0x00000000d9580000,0x00000000d9580000)
  to   space 5120K, 0% used [0x00000000db480000,0x00000000db480000,0x00000000db980000)
 ParOldGen       total 84992K, used 6738K [0x0000000085400000, 0x000000008a700000, 0x00000000d7180000)
  object space 84992K, 7% used [0x0000000085400000,0x0000000085a948f8,0x000000008a700000)
 Metaspace       used 17383K, capacity 17600K, committed 17920K, reserved 1064960K
  class space    used 2142K, capacity 2238K, committed 2304K, reserved 1048576K
}
Event: 2.821 GC heap before
{Heap before GC invocations=4 (full 0):
 PSYoungGen      total 36864K, used 36864K [0x00000000d7180000, 0x00000000db980000, 0x0000000100000000)
  eden space 31744K, 100% used [0x00000000d7180000,0x00000000d9080000,0x00000000d9080000)
  from space 5120K, 100% used [0x00000000d9080000,0x00000000d9580000,0x00000000d9580000)
  to   space 5120K, 0% used [0x00000000db480000,0x00000000db480000,0x00000000db980000)
 ParOldGen       total 84992K, used 6738K [0x0000000085400000, 0x000000008a700000, 0x00000000d7180000)
  object space 84992K, 7% used [0x0000000085400000,0x0000000085a948f8,0x000000008a700000)
 Metaspace       used 18029K, capacity 18290K, committed 18560K, reserved 1064960K
  class space    used 2227K, capacity 2317K, committed 2432K, reserved 1048576K
Event: 2.845 GC heap after
Heap after GC invocations=4 (full 0):
 PSYoungGen      total 68608K, used 5106K [0x00000000d7180000, 0x00000000db980000, 0x0000000100000000)
  eden space 63488K, 0% used [0x00000000d7180000,0x00000000d7180000,0x00000000daf80000)
  from space 5120K, 99% used [0x00000000db480000,0x00000000db97c910,0x00000000db980000)
  to   space 5120K, 0% used [0x00000000daf80000,0x00000000daf80000,0x00000000db480000)
 ParOldGen       total 84992K, used 8379K [0x0000000085400000, 0x000000008a700000, 0x00000000d7180000)
  object space 84992K, 9% used [0x0000000085400000,0x0000000085c2ee00,0x000000008a700000)
 Metaspace       used 18029K, capacity 18290K, committed 18560K, reserved 1064960K
  class space    used 2227K, capacity 2317K, committed 2432K, reserved 1048576K
}
Event: 3.464 GC heap before
{Heap before GC invocations=5 (full 0):
 PSYoungGen      total 68608K, used 68594K [0x00000000d7180000, 0x00000000db980000, 0x0000000100000000)
  eden space 63488K, 100% used [0x00000000d7180000,0x00000000daf80000,0x00000000daf80000)
  from space 5120K, 99% used [0x00000000db480000,0x00000000db97c910,0x00000000db980000)
  to   space 5120K, 0% used [0x00000000daf80000,0x00000000daf80000,0x00000000db480000)
 ParOldGen       total 84992K, used 8379K [0x0000000085400000, 0x000000008a700000, 0x00000000d7180000)
  object space 84992K, 9% used [0x0000000085400000,0x0000000085c2ee00,0x000000008a700000)
 Metaspace       used 18768K, capacity 19044K, committed 19072K, reserved 1067008K
  class space    used 2329K, capacity 2416K, committed 2432K, reserved 1048576K
Event: 3.501 GC heap after
Heap after GC invocations=5 (full 0):
 PSYoungGen      total 68608K, used 5104K [0x00000000d7180000, 0x00000000e0280000, 0x0000000100000000)
  eden space 63488K, 0% used [0x00000000d7180000,0x00000000d7180000,0x00000000daf80000)
  from space 5120K, 99% used [0x00000000daf80000,0x00000000db47c010,0x00000000db480000)
  to   space 10752K, 0% used [0x00000000df800000,0x00000000df800000,0x00000000e0280000)
 ParOldGen       total 84992K, used 12174K [0x0000000085400000, 0x000000008a700000, 0x00000000d7180000)
  object space 84992K, 14% used [0x0000000085400000,0x0000000085fe3990,0x000000008a700000)
 Metaspace       used 18768K, capacity 19044K, committed 19072K, reserved 1067008K
  class space    used 2329K, capacity 2416K, committed 2432K, reserved 1048576K
}
Event: 3.829 GC heap before
{Heap before GC invocations=6 (full 0):
 PSYoungGen      total 68608K, used 68592K [0x00000000d7180000, 0x00000000e0280000, 0x0000000100000000)
  eden space 63488K, 100% used [0x00000000d7180000,0x00000000daf80000,0x00000000daf80000)
  from space 5120K, 99% used [0x00000000daf80000,0x00000000db47c010,0x00000000db480000)
  to   space 10752K, 0% used [0x00000000df800000,0x00000000df800000,0x00000000e0280000)
 ParOldGen       total 84992K, used 12174K [0x0000000085400000, 0x000000008a700000, 0x00000000d7180000)
  object space 84992K, 14% used [0x0000000085400000,0x0000000085fe3990,0x000000008a700000)
 Metaspace       used 19304K, capacity 19586K, committed 19712K, reserved 1067008K
  class space    used 2415K, capacity 2485K, committed 2560K, reserved 1048576K
Event: 3.846 GC heap after
Heap after GC invocations=6 (full 0):
 PSYoungGen      total 136704K, used 10600K [0x00000000d7180000, 0x00000000e0480000, 0x0000000100000000)
  eden space 125952K, 0% used [0x00000000d7180000,0x00000000d7180000,0x00000000dec80000)
  from space 10752K, 98% used [0x00000000df800000,0x00000000e025a3c0,0x00000000e0280000)
  to   space 11776K, 0% used [0x00000000dec80000,0x00000000dec80000,0x00000000df800000)
 ParOldGen       total 84992K, used 12190K [0x0000000085400000, 0x000000008a700000, 0x00000000d7180000)
  object space 84992K, 14% used [0x0000000085400000,0x0000000085fe7990,0x000000008a700000)
 Metaspace       used 19304K, capacity 19586K, committed 19712K, reserved 1067008K
  class space    used 2415K, capacity 2485K, committed 2560K, reserved 1048576K
}
Event: 4.240 GC heap before
{Heap before GC invocations=7 (full 0):
 PSYoungGen      total 136704K, used 50772K [0x00000000d7180000, 0x00000000e0480000, 0x0000000100000000)
  eden space 125952K, 31% used [0x00000000d7180000,0x00000000d98bae50,0x00000000dec80000)
  from space 10752K, 98% used [0x00000000df800000,0x00000000e025a3c0,0x00000000e0280000)
  to   space 11776K, 0% used [0x00000000dec80000,0x00000000dec80000,0x00000000df800000)
 ParOldGen       total 84992K, used 12190K [0x0000000085400000, 0x000000008a700000, 0x00000000d7180000)
  object space 84992K, 14% used [0x0000000085400000,0x0000000085fe7990,0x000000008a700000)
 Metaspace       used 20862K, capacity 21172K, committed 21248K, reserved 1067008K
  class space    used 2655K, capacity 2776K, committed 2816K, reserved 1048576K

